2022-ago-01 12:11:33 [SpringApplicationShutdownHook] INFO  o.s.o.j.LocalContainerEntityManagerFactoryBean     - Closing JPA EntityManagerFactory for persistence unit 'default'
2022-ago-01 12:11:33 [SpringApplicationShutdownHook] INFO  o.h.t.s.i.SchemaDropperImpl$DelayedDropActionImpl  - HHH000477: Starting delayed evictData of schema as part of SessionFactory shut-down'
2022-ago-01 12:11:33 [SpringApplicationShutdownHook] DEBUG o.h.SQL                                            - 
    
    drop table if exists clientes
2022-ago-01 12:11:33 [SpringApplicationShutdownHook] INFO  c.z.h.HikariDataSource                             - HikariPool-1 - Shutdown initiated...
2022-ago-01 12:11:33 [SpringApplicationShutdownHook] INFO  c.z.h.HikariDataSource                             - HikariPool-1 - Shutdown completed.
2022-ago-01 12:11:35 [background-preinit] INFO  o.h.v.i.u.Version                                  - HV000001: Hibernate Validator 6.2.2.Final
2022-ago-01 12:11:35 [restartedMain] INFO  c.b.s.b.a.SpringBootBackendApirestApplication      - Starting SpringBootBackendApirestApplication using Java 1.8.0_202 on DESKTOP-EGDL8Q6 with PID 15296 (M:\PROGRAMACION\DESARROLLO_JAVA_SPRING\INTELLIJ_IDEA\11.youtube_code_java\02.log4j2\spring-boot-log4j2\target\classes started by USUARIO in M:\PROGRAMACION\DESARROLLO_JAVA_SPRING\INTELLIJ_IDEA\11.youtube_code_java\02.log4j2\spring-boot-log4j2)
2022-ago-01 12:11:35 [restartedMain] INFO  c.b.s.b.a.SpringBootBackendApirestApplication      - No active profile set, falling back to 1 default profile: "default"
2022-ago-01 12:11:35 [restartedMain] INFO  o.s.b.d.e.DevToolsPropertyDefaultsPostProcessor    - Devtools property defaults active! Set 'spring.devtools.add-properties' to 'false' to disable
2022-ago-01 12:11:35 [restartedMain] INFO  o.s.b.d.e.DevToolsPropertyDefaultsPostProcessor    - For additional web related logging consider setting the 'logging.level.web' property to 'DEBUG'
2022-ago-01 12:11:36 [restartedMain] INFO  o.s.d.r.c.RepositoryConfigurationDelegate          - Bootstrapping Spring Data JPA repositories in DEFAULT mode.
2022-ago-01 12:11:36 [restartedMain] INFO  o.s.d.r.c.RepositoryConfigurationDelegate          - Finished Spring Data repository scanning in 33 ms. Found 1 JPA repository interfaces.
2022-ago-01 12:11:37 [restartedMain] INFO  o.s.b.w.e.t.TomcatWebServer                        - Tomcat initialized with port(s): 8080 (http)
2022-ago-01 12:11:37 [restartedMain] INFO  o.a.c.h.Http11NioProtocol                          - Initializing ProtocolHandler ["http-nio-8080"]
2022-ago-01 12:11:37 [restartedMain] INFO  o.a.c.c.StandardService                            - Starting service [Tomcat]
2022-ago-01 12:11:37 [restartedMain] INFO  o.a.c.c.StandardEngine                             - Starting Servlet engine: [Apache Tomcat/9.0.58]
2022-ago-01 12:11:37 [restartedMain] INFO  o.a.c.c.C.[.[.[/]                                  - Initializing Spring embedded WebApplicationContext
2022-ago-01 12:11:37 [restartedMain] INFO  o.s.b.w.s.c.ServletWebServerApplicationContext     - Root WebApplicationContext: initialization completed in 1560 ms
2022-ago-01 12:11:37 [restartedMain] INFO  o.h.j.i.u.LogHelper                                - HHH000204: Processing PersistenceUnitInfo [name: default]
2022-ago-01 12:11:37 [restartedMain] INFO  o.h.Version                                        - HHH000412: Hibernate ORM core version 5.6.5.Final
2022-ago-01 12:11:37 [restartedMain] INFO  o.h.a.c.Version                                    - HCANN000001: Hibernate Commons Annotations {5.1.2.Final}
2022-ago-01 12:11:37 [restartedMain] INFO  c.z.h.HikariDataSource                             - HikariPool-1 - Starting...
2022-ago-01 12:11:37 [restartedMain] INFO  c.z.h.HikariDataSource                             - HikariPool-1 - Start completed.
2022-ago-01 12:11:37 [restartedMain] INFO  o.h.d.Dialect                                      - HHH000400: Using dialect: org.hibernate.dialect.MySQL8Dialect
2022-ago-01 12:11:38 [restartedMain] DEBUG o.h.SQL                                            - 
    
    drop table if exists clientes
2022-ago-01 12:11:38 [restartedMain] DEBUG o.h.SQL                                            - 
    
    create table clientes (
       id bigint not null auto_increment,
        apellido varchar(255) not null,
        create_at date,
        email varchar(255) not null,
        nombre varchar(12) not null,
        primary key (id)
    ) engine=InnoDB
2022-ago-01 12:11:38 [restartedMain] DEBUG o.h.SQL                                            - 
    
    alter table clientes 
       add constraint UK_1c96wv36rk2hwui7qhjks3mvg unique (email)
2022-ago-01 12:11:38 [restartedMain] INFO  o.h.t.s.i.SchemaCreatorImpl                        - HHH000476: Executing import script 'file:/M:/PROGRAMACION/DESARROLLO_JAVA_SPRING/INTELLIJ_IDEA/11.youtube_code_java/02.log4j2/spring-boot-log4j2/target/classes/import.sql'
2022-ago-01 12:11:38 [restartedMain] DEBUG o.h.SQL                                            - 
    INSERT INTO clientes (nombre, apellido, email, create_at) VALUES('Andrés', 'Guzmán', 'profesor@bolsadeideas.com', '2018-01-01')
2022-ago-01 12:11:38 [restartedMain] DEBUG o.h.SQL                                            - 
    INSERT INTO clientes (nombre, apellido, email, create_at) VALUES('Mr. John', 'Doe', 'john.doe@gmail.com', '2018-01-02')
2022-ago-01 12:11:38 [restartedMain] DEBUG o.h.SQL                                            - 
    INSERT INTO clientes (nombre, apellido, email, create_at) VALUES('Linus', 'Torvalds', 'linus.torvalds@gmail.com', '2018-01-03')
2022-ago-01 12:11:38 [restartedMain] DEBUG o.h.SQL                                            - 
    INSERT INTO clientes (nombre, apellido, email, create_at) VALUES('Rasmus', 'Lerdorf', 'rasmus.lerdorf@gmail.com', '2018-01-04')
2022-ago-01 12:11:38 [restartedMain] DEBUG o.h.SQL                                            - 
    INSERT INTO clientes (nombre, apellido, email, create_at) VALUES('Erich', 'Gamma', 'erich.gamma@gmail.com', '2018-02-01')
2022-ago-01 12:11:38 [restartedMain] DEBUG o.h.SQL                                            - 
    INSERT INTO clientes (nombre, apellido, email, create_at) VALUES('Richard', 'Helm', 'richard.helm@gmail.com', '2018-02-10')
2022-ago-01 12:11:38 [restartedMain] DEBUG o.h.SQL                                            - 
    INSERT INTO clientes (nombre, apellido, email, create_at) VALUES('Ralph', 'Johnson', 'ralph.johnson@gmail.com', '2018-02-18')
2022-ago-01 12:11:38 [restartedMain] DEBUG o.h.SQL                                            - 
    INSERT INTO clientes (nombre, apellido, email, create_at) VALUES('John', 'Vlissides', 'john.vlissides@gmail.com', '2018-02-28')
2022-ago-01 12:11:38 [restartedMain] DEBUG o.h.SQL                                            - 
    INSERT INTO clientes (nombre, apellido, email, create_at) VALUES('Dr. James', 'Gosling', 'james.gosling@gmail.com', '2018-03-03')
2022-ago-01 12:11:38 [restartedMain] DEBUG o.h.SQL                                            - 
    INSERT INTO clientes (nombre, apellido, email, create_at) VALUES('Magma', 'Lee', 'magma.lee@gmail.com', '2018-03-04')
2022-ago-01 12:11:38 [restartedMain] DEBUG o.h.SQL                                            - 
    INSERT INTO clientes (nombre, apellido, email, create_at) VALUES('Tornado', 'Roe', 'tornado.roe@gmail.com', '2018-03-05')
2022-ago-01 12:11:38 [restartedMain] DEBUG o.h.SQL                                            - 
    INSERT INTO clientes (nombre, apellido, email, create_at) VALUES('Jade', 'Doe', 'jane.doe@gmail.com', '2018-03-06')
2022-ago-01 12:11:38 [restartedMain] INFO  o.h.e.t.j.p.i.JtaPlatformInitiator                 - HHH000490: Using JtaPlatform implementation: [org.hibernate.engine.transaction.jta.platform.internal.NoJtaPlatform]
2022-ago-01 12:11:38 [restartedMain] INFO  o.s.o.j.LocalContainerEntityManagerFactoryBean     - Initialized JPA EntityManagerFactory for persistence unit 'default'
2022-ago-01 12:11:39 [restartedMain] WARN  o.s.b.a.o.j.JpaBaseConfiguration$JpaWebConfiguration - spring.jpa.open-in-view is enabled by default. Therefore, database queries may be performed during view rendering. Explicitly configure spring.jpa.open-in-view to disable this warning
2022-ago-01 12:11:39 [restartedMain] INFO  o.s.b.d.a.OptionalLiveReloadServer                 - LiveReload server is running on port 35729
2022-ago-01 12:11:39 [restartedMain] INFO  o.a.c.h.Http11NioProtocol                          - Starting ProtocolHandler ["http-nio-8080"]
2022-ago-01 12:11:39 [restartedMain] INFO  o.s.b.w.e.t.TomcatWebServer                        - Tomcat started on port(s): 8080 (http) with context path ''
2022-ago-01 12:11:39 [restartedMain] INFO  c.b.s.b.a.SpringBootBackendApirestApplication      - Started SpringBootBackendApirestApplication in 4.067 seconds (JVM running for 4.912)
